<?xml version="1.0" encoding="UTF-8"?>
<!-- Generated by org.testng.reporters.JUnitReportReporter -->
<testsuite hostname="abhaysharmaji" failures="0" tests="1" name="main_test.test_dataprovider" time="14.789" errors="0" timestamp="2022-07-20T16:57:24 IST" skipped="0">
  <testcase classname="main_test.test_dataprovider" name="youtbe_action" time="14.789"/>
  <system-out/>
</testsuite> <!-- main_test.test_dataprovider -->
